# JRE version: OpenJDK Runtime Environment Corretto-11.0.14.10.1 (11.0.14.1+10) (build 11.0.14.1+10-LTS)
# Java VM: OpenJDK 64-Bit Server VM Corretto-11.0.14.10.1 (11.0.14.1+10-LTS, mixed mode, tiered, compressed oops, g1 gc, windows-amd64)
Heap:
 garbage-first heap   total 524288K, used 154972K [0x0000000600c00000, 0x0000000800000000)
  region size 2048K, 73 young (149504K), 8 survivors (16384K)
 Metaspace       used 68524K, capacity 70197K, committed 70400K, reserved 1110016K
  class space    used 8685K, capacity 9353K, committed 9472K, reserved 1048576K
GC Heap History (14 events):
Event: 1.849 GC heap before
{Heap before GC invocations=0 (full 0):
 garbage-first heap   total 524288K, used 24576K [0x0000000600c00000, 0x0000000800000000)
  region size 2048K, 12 young (24576K), 0 survivors (0K)
 Metaspace       used 10502K, capacity 10720K, committed 10752K, reserved 1058816K
  class space    used 965K, capacity 1018K, committed 1024K, reserved 1048576K
}
Event: 1.879 GC heap after
{Heap after GC invocations=1 (full 0):
 garbage-first heap   total 524288K, used 8263K [0x0000000600c00000, 0x0000000800000000)
  region size 2048K, 2 young (4096K), 2 survivors (4096K)
 Metaspace       used 10502K, capacity 10720K, committed 10752K, reserved 1058816K
  class space    used 965K, capacity 1018K, committed 1024K, reserved 1048576K
}
Event: 2.705 GC heap before
{Heap before GC invocations=1 (full 0):
 garbage-first heap   total 524288K, used 28743K [0x0000000600c00000, 0x0000000800000000)
  region size 2048K, 12 young (24576K), 2 survivors (4096K)
 Metaspace       used 13420K, capacity 13698K, committed 13952K, reserved 1062912K
  class space    used 1304K, capacity 1391K, committed 1408K, reserved 1048576K
}
Event: 2.709 GC heap after
{Heap after GC invocations=2 (full 0):
 garbage-first heap   total 524288K, used 9062K [0x0000000600c00000, 0x0000000800000000)
  region size 2048K, 1 young (2048K), 1 survivors (2048K)
 Metaspace       used 13420K, capacity 13698K, committed 13952K, reserved 1062912K
  class space    used 1304K, capacity 1391K, committed 1408K, reserved 1048576K
}
Event: 4.247 GC heap before
{Heap before GC invocations=2 (full 0):
 garbage-first heap   total 524288K, used 50022K [0x0000000600c00000, 0x0000000800000000)
  region size 2048K, 22 young (45056K), 1 survivors (2048K)
 Metaspace       used 20636K, capacity 21152K, committed 21504K, reserved 1069056K
  class space    used 2235K, capacity 2439K, committed 2560K, reserved 1048576K
}
Event: 4.254 GC heap after
{Heap after GC invocations=3 (full 0):
 garbage-first heap   total 524288K, used 11060K [0x0000000600c00000, 0x0000000800000000)
  region size 2048K, 2 young (4096K), 2 survivors (4096K)
 Metaspace       used 20636K, capacity 21152K, committed 21504K, reserved 1069056K
  class space    used 2235K, capacity 2439K, committed 2560K, reserved 1048576K
}
Event: 5.356 GC heap before
{Heap before GC invocations=4 (full 0):
 garbage-first heap   total 524288K, used 90932K [0x0000000600c00000, 0x0000000800000000)
  region size 2048K, 41 young (83968K), 2 survivors (4096K)
 Metaspace       used 29216K, capacity 29900K, committed 30080K, reserved 1075200K
  class space    used 3342K, capacity 3609K, committed 3712K, reserved 1048576K
}
Event: 5.362 GC heap after
{Heap after GC invocations=5 (full 0):
 garbage-first heap   total 524288K, used 13639K [0x0000000600c00000, 0x0000000800000000)
  region size 2048K, 3 young (6144K), 3 survivors (6144K)
 Metaspace       used 29216K, capacity 29900K, committed 30080K, reserved 1075200K
  class space    used 3342K, capacity 3609K, committed 3712K, reserved 1048576K
}
Event: 6.987 GC heap before
{Heap before GC invocations=5 (full 0):
 garbage-first heap   total 524288K, used 83271K [0x0000000600c00000, 0x0000000800000000)
  region size 2048K, 38 young (77824K), 3 survivors (6144K)
 Metaspace       used 34974K, capacity 35813K, committed 35840K, reserved 1081344K
  class space    used 4138K, capacity 4465K, committed 4480K, reserved 1048576K
}
Event: 7.001 GC heap after
{Heap after GC invocations=6 (full 0):
 garbage-first heap   total 524288K, used 15863K [0x0000000600c00000, 0x0000000800000000)
  region size 2048K, 4 young (8192K), 4 survivors (8192K)
 Metaspace       used 34974K, capacity 35813K, committed 35840K, reserved 1081344K
  class space    used 4138K, capacity 4465K, committed 4480K, reserved 1048576K
}
Event: 12.358 GC heap before
{Heap before GC invocations=7 (full 0):
 garbage-first heap   total 524288K, used 161271K [0x0000000600c00000, 0x0000000800000000)
  region size 2048K, 76 young (155648K), 4 survivors (8192K)
 Metaspace       used 56663K, capacity 57791K, committed 57856K, reserved 1099776K
  class space    used 7167K, capacity 7636K, committed 7680K, reserved 1048576K
}
Event: 12.372 GC heap after
{Heap after GC invocations=8 (full 0):
 garbage-first heap   total 524288K, used 21895K [0x0000000600c00000, 0x0000000800000000)
  region size 2048K, 7 young (14336K), 7 survivors (14336K)
 Metaspace       used 56663K, capacity 57791K, committed 57856K, reserved 1099776K
  class space    used 7167K, capacity 7636K, committed 7680K, reserved 1048576K
}
Event: 13.078 GC heap before
{Heap before GC invocations=8 (full 0):
 garbage-first heap   total 524288K, used 46471K [0x0000000600c00000, 0x0000000800000000)
  region size 2048K, 20 young (40960K), 7 survivors (14336K)
 Metaspace       used 58923K, capacity 60104K, committed 60160K, reserved 1101824K
  class space    used 7451K, capacity 7918K, committed 7936K, reserved 1048576K
}
Event: 13.102 GC heap after
{Heap after GC invocations=9 (full 0):
 garbage-first heap   total 524288K, used 23900K [0x0000000600c00000, 0x0000000800000000)
  region size 2048K, 8 young (16384K), 8 survivors (16384K)
 Metaspace       used 58923K, capacity 60104K, committed 60160K, reserved 1101824K
  class space    used 7451K, capacity 7918K, committed 7936K, reserved 1048576K
}

