# JRE version: OpenJDK Runtime Environment Corretto-11.0.14.10.1 (11.0.14.1+10) (build 11.0.14.1+10-LTS)
# Java VM: OpenJDK 64-Bit Server VM Corretto-11.0.14.10.1 (11.0.14.1+10-LTS, mixed mode, tiered, compressed oops, g1 gc, windows-amd64)
Heap:
 garbage-first heap   total 524288K, used 28096K [0x0000000600c00000, 0x0000000800000000)
  region size 2048K, 11 young (22528K), 3 survivors (6144K)
 Metaspace       used 28756K, capacity 29493K, committed 29824K, reserved 1075200K
  class space    used 3316K, capacity 3606K, committed 3712K, reserved 1048576K
GC Heap History (6 events):
Event: 2.072 GC heap before
{Heap before GC invocations=0 (full 0):
 garbage-first heap   total 524288K, used 24576K [0x0000000600c00000, 0x0000000800000000)
  region size 2048K, 12 young (24576K), 0 survivors (0K)
 Metaspace       used 10482K, capacity 10705K, committed 10752K, reserved 1058816K
  class space    used 963K, capacity 1017K, committed 1024K, reserved 1048576K
}
Event: 2.092 GC heap after
{Heap after GC invocations=1 (full 0):
 garbage-first heap   total 524288K, used 8662K [0x0000000600c00000, 0x0000000800000000)
  region size 2048K, 2 young (4096K), 2 survivors (4096K)
 Metaspace       used 10482K, capacity 10705K, committed 10752K, reserved 1058816K
  class space    used 963K, capacity 1017K, committed 1024K, reserved 1048576K
}
Event: 4.660 GC heap before
{Heap before GC invocations=1 (full 0):
 garbage-first heap   total 524288K, used 70102K [0x0000000600c00000, 0x0000000800000000)
  region size 2048K, 33 young (67584K), 2 survivors (4096K)
 Metaspace       used 20551K, capacity 21077K, committed 21248K, reserved 1069056K
  class space    used 2233K, capacity 2439K, committed 2560K, reserved 1048576K
}
Event: 4.672 GC heap after
{Heap after GC invocations=2 (full 0):
 garbage-first heap   total 524288K, used 11554K [0x0000000600c00000, 0x0000000800000000)
  region size 2048K, 4 young (8192K), 4 survivors (8192K)
 Metaspace       used 20551K, capacity 21077K, committed 21248K, reserved 1069056K
  class space    used 2233K, capacity 2439K, committed 2560K, reserved 1048576K
}
Event: 5.556 GC heap before
{Heap before GC invocations=3 (full 0):
 garbage-first heap   total 524288K, used 72994K [0x0000000600c00000, 0x0000000800000000)
  region size 2048K, 34 young (69632K), 4 survivors (8192K)
 Metaspace       used 26984K, capacity 27675K, committed 27776K, reserved 1073152K
  class space    used 3149K, capacity 3426K, committed 3456K, reserved 1048576K
}
Event: 5.563 GC heap after
{Heap after GC invocations=4 (full 0):
 garbage-first heap   total 524288K, used 13760K [0x0000000600c00000, 0x0000000800000000)
  region size 2048K, 3 young (6144K), 3 survivors (6144K)
 Metaspace       used 26984K, capacity 27675K, committed 27776K, reserved 1073152K
  class space    used 3149K, capacity 3426K, committed 3456K, reserved 1048576K
}

