# JRE version: OpenJDK Runtime Environment Corretto-11.0.14.10.1 (11.0.14.1+10) (build 11.0.14.1+10-LTS)
# Java VM: OpenJDK 64-Bit Server VM Corretto-11.0.14.10.1 (11.0.14.1+10-LTS, mixed mode, tiered, compressed oops, g1 gc, windows-amd64)
Heap:
 garbage-first heap   total 524288K, used 105685K [0x0000000600c00000, 0x0000000800000000)
  region size 2048K, 49 young (100352K), 8 survivors (16384K)
 Metaspace       used 66519K, capacity 68019K, committed 68172K, reserved 1107968K
  class space    used 8407K, capacity 9008K, committed 9088K, reserved 1048576K
GC Heap History (14 events):
Event: 1.892 GC heap before
{Heap before GC invocations=0 (full 0):
 garbage-first heap   total 524288K, used 24576K [0x0000000600c00000, 0x0000000800000000)
  region size 2048K, 12 young (24576K), 0 survivors (0K)
 Metaspace       used 10555K, capacity 10722K, committed 10752K, reserved 1058816K
  class space    used 973K, capacity 1020K, committed 1024K, reserved 1048576K
}
Event: 1.914 GC heap after
{Heap after GC invocations=1 (full 0):
 garbage-first heap   total 524288K, used 8367K [0x0000000600c00000, 0x0000000800000000)
  region size 2048K, 2 young (4096K), 2 survivors (4096K)
 Metaspace       used 10555K, capacity 10722K, committed 10752K, reserved 1058816K
  class space    used 973K, capacity 1020K, committed 1024K, reserved 1048576K
}
Event: 2.866 GC heap before
{Heap before GC invocations=1 (full 0):
 garbage-first heap   total 524288K, used 28847K [0x0000000600c00000, 0x0000000800000000)
  region size 2048K, 12 young (24576K), 2 survivors (4096K)
 Metaspace       used 13826K, capacity 14132K, committed 14336K, reserved 1062912K
  class space    used 1340K, capacity 1431K, committed 1536K, reserved 1048576K
}
Event: 2.870 GC heap after
{Heap after GC invocations=2 (full 0):
 garbage-first heap   total 524288K, used 9247K [0x0000000600c00000, 0x0000000800000000)
  region size 2048K, 1 young (2048K), 1 survivors (2048K)
 Metaspace       used 13826K, capacity 14132K, committed 14336K, reserved 1062912K
  class space    used 1340K, capacity 1431K, committed 1536K, reserved 1048576K
}
Event: 4.653 GC heap before
{Heap before GC invocations=2 (full 0):
 garbage-first heap   total 524288K, used 48159K [0x0000000600c00000, 0x0000000800000000)
  region size 2048K, 21 young (43008K), 1 survivors (2048K)
 Metaspace       used 20586K, capacity 21084K, committed 21248K, reserved 1069056K
  class space    used 2236K, capacity 2439K, committed 2560K, reserved 1048576K
}
Event: 4.658 GC heap after
{Heap after GC invocations=3 (full 0):
 garbage-first heap   total 524288K, used 11166K [0x0000000600c00000, 0x0000000800000000)
  region size 2048K, 2 young (4096K), 2 survivors (4096K)
 Metaspace       used 20586K, capacity 21084K, committed 21248K, reserved 1069056K
  class space    used 2236K, capacity 2439K, committed 2560K, reserved 1048576K
}
Event: 5.766 GC heap before
{Heap before GC invocations=4 (full 0):
 garbage-first heap   total 524288K, used 86942K [0x0000000600c00000, 0x0000000800000000)
  region size 2048K, 39 young (79872K), 2 survivors (4096K)
 Metaspace       used 28890K, capacity 29637K, committed 29824K, reserved 1075200K
  class space    used 3323K, capacity 3608K, committed 3712K, reserved 1048576K
}
Event: 5.771 GC heap after
{Heap after GC invocations=5 (full 0):
 garbage-first heap   total 524288K, used 13646K [0x0000000600c00000, 0x0000000800000000)
  region size 2048K, 3 young (6144K), 3 survivors (6144K)
 Metaspace       used 28890K, capacity 29637K, committed 29824K, reserved 1075200K
  class space    used 3323K, capacity 3608K, committed 3712K, reserved 1048576K
}
Event: 7.375 GC heap before
{Heap before GC invocations=5 (full 0):
 garbage-first heap   total 524288K, used 87374K [0x0000000600c00000, 0x0000000800000000)
  region size 2048K, 40 young (81920K), 3 survivors (6144K)
 Metaspace       used 34964K, capacity 35810K, committed 35840K, reserved 1081344K
  class space    used 4138K, capacity 4465K, committed 4480K, reserved 1048576K
}
Event: 7.393 GC heap after
{Heap after GC invocations=6 (full 0):
 garbage-first heap   total 524288K, used 15793K [0x0000000600c00000, 0x0000000800000000)
  region size 2048K, 4 young (8192K), 4 survivors (8192K)
 Metaspace       used 34964K, capacity 35810K, committed 35840K, reserved 1081344K
  class space    used 4138K, capacity 4465K, committed 4480K, reserved 1048576K
}
Event: 12.692 GC heap before
{Heap before GC invocations=7 (full 0):
 garbage-first heap   total 524288K, used 163249K [0x0000000600c00000, 0x0000000800000000)
  region size 2048K, 76 young (155648K), 4 survivors (8192K)
 Metaspace       used 56973K, capacity 58172K, committed 58496K, reserved 1099776K
  class space    used 7217K, capacity 7700K, committed 7808K, reserved 1048576K
}
Event: 12.702 GC heap after
{Heap after GC invocations=8 (full 0):
 garbage-first heap   total 524288K, used 22192K [0x0000000600c00000, 0x0000000800000000)
  region size 2048K, 7 young (14336K), 7 survivors (14336K)
 Metaspace       used 56973K, capacity 58172K, committed 58496K, reserved 1099776K
  class space    used 7217K, capacity 7700K, committed 7808K, reserved 1048576K
}
Event: 13.319 GC heap before
{Heap before GC invocations=8 (full 0):
 garbage-first heap   total 524288K, used 44720K [0x0000000600c00000, 0x0000000800000000)
  region size 2048K, 19 young (38912K), 7 survivors (14336K)
 Metaspace       used 58901K, capacity 60107K, committed 60160K, reserved 1101824K
  class space    used 7452K, capacity 7920K, committed 7936K, reserved 1048576K
}
Event: 13.346 GC heap after
{Heap after GC invocations=9 (full 0):
 garbage-first heap   total 524288K, used 23765K [0x0000000600c00000, 0x0000000800000000)
  region size 2048K, 8 young (16384K), 8 survivors (16384K)
 Metaspace       used 58901K, capacity 60107K, committed 60160K, reserved 1101824K
  class space    used 7452K, capacity 7920K, committed 7936K, reserved 1048576K
}

