# JRE version: OpenJDK Runtime Environment Corretto-11.0.14.10.1 (11.0.14.1+10) (build 11.0.14.1+10-LTS)
# Java VM: OpenJDK 64-Bit Server VM Corretto-11.0.14.10.1 (11.0.14.1+10-LTS, mixed mode, tiered, compressed oops, g1 gc, windows-amd64)
Heap:
 garbage-first heap   total 524288K, used 76639K [0x0000000600c00000, 0x0000000800000000)
  region size 2048K, 35 young (71680K), 2 survivors (4096K)
 Metaspace       used 27813K, capacity 28528K, committed 28672K, reserved 1075200K
  class space    used 3224K, capacity 3495K, committed 3584K, reserved 1048576K
GC Heap History (6 events):
Event: 1.919 GC heap before
{Heap before GC invocations=0 (full 0):
 garbage-first heap   total 524288K, used 24576K [0x0000000600c00000, 0x0000000800000000)
  region size 2048K, 12 young (24576K), 0 survivors (0K)
 Metaspace       used 10532K, capacity 10718K, committed 10752K, reserved 1058816K
  class space    used 968K, capacity 1020K, committed 1024K, reserved 1048576K
}
Event: 1.926 GC heap after
{Heap after GC invocations=1 (full 0):
 garbage-first heap   total 524288K, used 8194K [0x0000000600c00000, 0x0000000800000000)
  region size 2048K, 2 young (4096K), 2 survivors (4096K)
 Metaspace       used 10532K, capacity 10718K, committed 10752K, reserved 1058816K
  class space    used 968K, capacity 1020K, committed 1024K, reserved 1048576K
}
Event: 2.728 GC heap before
{Heap before GC invocations=1 (full 0):
 garbage-first heap   total 524288K, used 28674K [0x0000000600c00000, 0x0000000800000000)
  region size 2048K, 12 young (24576K), 2 survivors (4096K)
 Metaspace       used 13574K, capacity 13835K, committed 13952K, reserved 1062912K
  class space    used 1323K, capacity 1397K, committed 1408K, reserved 1048576K
}
Event: 2.731 GC heap after
{Heap after GC invocations=2 (full 0):
 garbage-first heap   total 524288K, used 9044K [0x0000000600c00000, 0x0000000800000000)
  region size 2048K, 1 young (2048K), 1 survivors (2048K)
 Metaspace       used 13574K, capacity 13835K, committed 13952K, reserved 1062912K
  class space    used 1323K, capacity 1397K, committed 1408K, reserved 1048576K
}
Event: 4.633 GC heap before
{Heap before GC invocations=2 (full 0):
 garbage-first heap   total 524288K, used 47956K [0x0000000600c00000, 0x0000000800000000)
  region size 2048K, 21 young (43008K), 1 survivors (2048K)
 Metaspace       used 20563K, capacity 21078K, committed 21248K, reserved 1069056K
  class space    used 2234K, capacity 2439K, committed 2560K, reserved 1048576K
}
Event: 4.639 GC heap after
{Heap after GC invocations=3 (full 0):
 garbage-first heap   total 524288K, used 11103K [0x0000000600c00000, 0x0000000800000000)
  region size 2048K, 2 young (4096K), 2 survivors (4096K)
 Metaspace       used 20563K, capacity 21078K, committed 21248K, reserved 1069056K
  class space    used 2234K, capacity 2439K, committed 2560K, reserved 1048576K
}

